<?xml version="1.0" encoding="UTF-8"?>
<!-- Generated by org.testng.reporters.JUnitReportReporter -->
<testsuite hostname="DESKTOP-7IL8GUR" failures="0" tests="3" name="Excelexample.Dataproviderclass" time="191.282" errors="0" timestamp="2025-03-25T20:10:02 IST" skipped="0">
  <testcase classname="Excelexample.Dataproviderclass" name="search" time="68.923"/>
  <testcase classname="Excelexample.Dataproviderclass" name="search" time="66.900"/>
  <testcase classname="Excelexample.Dataproviderclass" name="search" time="55.459"/>
</testsuite> <!-- Excelexample.Dataproviderclass -->
