<?xml version="1.0" encoding="UTF-8"?>
<!-- Generated by org.testng.reporters.JUnitReportReporter -->
<testsuite hostname="DESKTOP-7IL8GUR" failures="0" tests="3" name="Excelexample.Dataproviderclass" time="270.899" errors="0" timestamp="2025-03-25T19:46:05 IST" skipped="0">
  <testcase classname="Excelexample.Dataproviderclass" name="search" time="83.595"/>
  <testcase classname="Excelexample.Dataproviderclass" name="search" time="93.129"/>
  <testcase classname="Excelexample.Dataproviderclass" name="search" time="94.175"/>
</testsuite> <!-- Excelexample.Dataproviderclass -->
