<?xml version="1.0" encoding="UTF-8"?>
<!-- Generated by org.testng.reporters.JUnitReportReporter -->
<testsuite hostname="DESKTOP-7IL8GUR" failures="0" tests="3" name="Dataproviderpackage.Datapro" time="237.764" errors="0" timestamp="2025-03-25T19:29:44 IST" skipped="0">
  <testcase classname="Dataproviderpackage.Datapro" name="search" time="79.193"/>
  <testcase classname="Dataproviderpackage.Datapro" name="search" time="79.178"/>
  <testcase classname="Dataproviderpackage.Datapro" name="search" time="79.393"/>
</testsuite> <!-- Dataproviderpackage.Datapro -->
